<?xml version="1.0" encoding="UTF-8"?>
<!-- Generated by org.testng.reporters.JUnitReportReporter -->
<testsuite skipped="0" hostname="MININT-UM25UFB" name="com.dollardays.testcases.Team1CreateAccountTestCase" tests="1" failures="0" timestamp="2020-10-17T14:59:17 EDT" time="13.700" errors="0">
  <testcase name="createlogin" time="13.700" classname="com.dollardays.testcases.Team1CreateAccountTestCase"/>
  <system-out/>
</testsuite> <!-- com.dollardays.testcases.Team1CreateAccountTestCase -->
