<?xml version="1.0" encoding="UTF-8"?>
<!-- Generated by org.testng.reporters.JUnitReportReporter -->
<testsuite skipped="0" hostname="MININT-UM25UFB" name="com.dollardays.testcases.Team1HomePageTestcase" tests="7" failures="0" timestamp="2020-10-17T14:59:17 EDT" time="100.176" errors="0">
  <testcase name="tc_verfiyWishListLogo" time="10.412" classname="com.dollardays.testcases.Team1HomePageTestcase"/>
  <system-out/>
  <testcase name="tc_verfiyCartLogo" time="19.282" classname="com.dollardays.testcases.Team1HomePageTestcase"/>
  <system-out/>
  <testcase name="tc_verfiySignInLogo" time="13.624" classname="com.dollardays.testcases.Team1HomePageTestcase"/>
  <system-out/>
  <testcase name="tc_06_CheckPageTitle" time="13.962" classname="com.dollardays.testcases.Team1HomePageTestcase"/>
  <system-out/>
  <testcase name="tc_verfiyWishList" time="13.273" classname="com.dollardays.testcases.Team1HomePageTestcase"/>
  <system-out/>
  <testcase name="tc_verfiyDdLogo" time="13.157" classname="com.dollardays.testcases.Team1HomePageTestcase"/>
  <system-out/>
  <testcase name="tc_verfiySignInList" time="16.466" classname="com.dollardays.testcases.Team1HomePageTestcase"/>
  <system-out/>
</testsuite> <!-- com.dollardays.testcases.Team1HomePageTestcase -->
